Build started 2015/1/25 14:43:28.
     1>Project "D:\Projects\code\test\Dataprocessing\Dataprocessing\Dataprocessing.vcxproj" on node 2 (build target(s)).
     1>InitializeBuildStatus:
         Creating "Debug\Dataprocessing.unsuccessfulbuild" because "AlwaysCreate" was specified.
       ClCompile:
         All outputs are up-to-date.
         d:\Program Files (x86)\Microsoft Visual Studio 10.0\VC\bin\CL.exe /c /ZI /nologo /W3 /WX- /Od /Oy- /D WIN32 /D _WINDOWS /D _DEBUG /D _MBCS /Gm /EHsc /RTC1 /MTd /GS /fp:precise /Zc:wchar_t /Zc:forScope /Yu"StdAfx.h" /Fp"Debug\Dataprocessing.pch" /Fo"Debug\\" /Fd"Debug\vc100.pdb" /Gd /TP /analyze- /errorReport:prompt DataprocessingDlg.cpp
         DataprocessingDlg.cpp
     1>d:\projects\code\test\dataprocessing\dataprocessing\dataprocessingdlg.cpp(240): warning C4244: '=' : conversion from 'int' to 'float', possible loss of data
     1>d:\projects\code\test\dataprocessing\dataprocessing\dataprocessingdlg.cpp(242): warning C4244: '=' : conversion from 'double' to 'float', possible loss of data
     1>d:\projects\code\test\dataprocessing\dataprocessing\dataprocessingdlg.cpp(243): warning C4244: '=' : conversion from 'double' to 'float', possible loss of data
     1>d:\projects\code\test\dataprocessing\dataprocessing\dataprocessingdlg.cpp(244): warning C4244: '=' : conversion from 'double' to 'float', possible loss of data
     1>d:\projects\code\test\dataprocessing\dataprocessing\dataprocessingdlg.cpp(349): warning C4244: '=' : conversion from 'double' to 'float', possible loss of data
     1>d:\projects\code\test\dataprocessing\dataprocessing\dataprocessingdlg.cpp(355): warning C4244: '=' : conversion from 'double' to 'float', possible loss of data
     1>d:\projects\code\test\dataprocessing\dataprocessing\dataprocessingdlg.cpp(332): warning C4101: 't' : unreferenced local variable
     1>d:\projects\code\test\dataprocessing\dataprocessing\dataprocessingdlg.cpp(383): warning C4244: '=' : conversion from 'double' to 'float', possible loss of data
     1>d:\projects\code\test\dataprocessing\dataprocessing\dataprocessingdlg.cpp(388): warning C4244: '=' : conversion from 'double' to 'float', possible loss of data
     1>d:\projects\code\test\dataprocessing\dataprocessing\dataprocessingdlg.cpp(420): warning C4244: '=' : conversion from 'double' to 'float', possible loss of data
     1>d:\projects\code\test\dataprocessing\dataprocessing\dataprocessingdlg.cpp(426): warning C4244: '=' : conversion from 'double' to 'float', possible loss of data
     1>d:\projects\code\test\dataprocessing\dataprocessing\dataprocessingdlg.cpp(505): warning C4244: '=' : conversion from 'double' to 'int', possible loss of data
       ResourceCompile:
         All outputs are up-to-date.
       ManifestResourceCompile:
         All outputs are up-to-date.
       Link:
         d:\Program Files (x86)\Microsoft Visual Studio 10.0\VC\bin\link.exe /ERRORREPORT:PROMPT /OUT:"D:\Projects\code\test\Dataprocessing\Debug\Dataprocessing.exe" /INCREMENTAL /NOLOGO opencv_calib3d2410.lib opencv_calib3d2410d.lib opencv_contrib2410.lib opencv_contrib2410d.lib opencv_core2410.lib opencv_core2410d.lib opencv_features2d2410.lib opencv_features2d2410d.lib opencv_flann2410.lib opencv_flann2410d.lib opencv_gpu2410.lib opencv_gpu2410d.lib opencv_highgui2410.lib opencv_highgui2410d.lib opencv_imgproc2410.lib opencv_imgproc2410d.lib opencv_legacy2410.lib opencv_legacy2410d.lib opencv_ml2410.lib opencv_ml2410d.lib opencv_nonfree2410.lib opencv_nonfree2410d.lib opencv_objdetect2410.lib opencv_objdetect2410d.lib opencv_ocl2410.lib opencv_ocl2410d.lib opencv_photo2410.lib opencv_photo2410d.lib opencv_stitching2410.lib opencv_stitching2410d.lib opencv_superres2410.lib opencv_superres2410d.lib opencv_ts2410.lib opencv_ts2410d.lib opencv_video2410.lib opencv_video2410d.lib opencv_videostab2410.lib opencv_videostab2410d.lib /MANIFEST /ManifestFile:"Debug\Dataprocessing.exe.intermediate.manifest" /MANIFESTUAC:"level='asInvoker' uiAccess='false'" /DEBUG /PDB:"D:\Projects\code\test\Dataprocessing\Debug\Dataprocessing.pdb" /SUBSYSTEM:WINDOWS /TLBID:1 /DYNAMICBASE /NXCOMPAT /IMPLIB:"D:\Projects\code\test\Dataprocessing\Debug\Dataprocessing.lib" /MACHINE:X86 Debug\Dataprocessing.res
         Debug\Dataprocessing.exe.embed.manifest.res
         Debug\Dataprocessing.obj
         Debug\DataprocessingDlg.obj
         Debug\stdafx.obj
       Manifest:
         C:\Program Files (x86)\Microsoft SDKs\Windows\v7.0A\bin\mt.exe /nologo /verbose /out:"Debug\Dataprocessing.exe.embed.manifest" /manifest Debug\Dataprocessing.exe.intermediate.manifest "d:\Program Files (x86)\Microsoft Visual Studio 10.0\VC\Include\Manifest\dpiaware.manifest"
         All outputs are up-to-date.
       LinkEmbedManifest:
         All outputs are up-to-date.
         Dataprocessing.vcxproj -> D:\Projects\code\test\Dataprocessing\Debug\Dataprocessing.exe
       FinalizeBuildStatus:
         Deleting file "Debug\Dataprocessing.unsuccessfulbuild".
         Touching "Debug\Dataprocessing.lastbuildstate".
     1>Done Building Project "D:\Projects\code\test\Dataprocessing\Dataprocessing\Dataprocessing.vcxproj" (build target(s)).

Build succeeded.

Time Elapsed 00:00:00.86
