Build started 2015/1/25 14:45:30.
     1>Project "D:\Projects\code\test\Dataprocessing\Dataprocessing\Dataprocessing.vcxproj" on node 2 (build target(s)).
     1>InitializeBuildStatus:
         Touching "Release\Dataprocessing.unsuccessfulbuild".
       ClCompile:
         All outputs are up-to-date.
         d:\Program Files (x86)\Microsoft Visual Studio 10.0\VC\bin\CL.exe /c /Zi /nologo /W3 /WX- /O2 /Oi /Oy- /GL /D WIN32 /D _WINDOWS /D NDEBUG /D _MBCS /Gm- /EHsc /MT /GS /Gy /fp:precise /Zc:wchar_t /Zc:forScope /Yc"StdAfx.h" /Fp"Release\Dataprocessing.pch" /Fo"Release\\" /Fd"Release\vc100.pdb" /Gd /TP /analyze- /errorReport:prompt stdafx.cpp
         stdafx.cpp
         d:\Program Files (x86)\Microsoft Visual Studio 10.0\VC\bin\CL.exe /c /Zi /nologo /W3 /WX- /O2 /Oi /Oy- /GL /D WIN32 /D _WINDOWS /D NDEBUG /D _MBCS /Gm- /EHsc /MT /GS /Gy /fp:precise /Zc:wchar_t /Zc:forScope /Yu"StdAfx.h" /Fp"Release\Dataprocessing.pch" /Fo"Release\\" /Fd"Release\vc100.pdb" /Gd /TP /analyze- /errorReport:prompt Dataprocessing.cpp DataprocessingDlg.cpp
         Dataprocessing.cpp
         DataprocessingDlg.cpp
     1>DataprocessingDlg.cpp(240): warning C4244: '=' : conversion from 'int' to 'float', possible loss of data
     1>DataprocessingDlg.cpp(242): warning C4244: '=' : conversion from 'double' to 'float', possible loss of data
     1>DataprocessingDlg.cpp(243): warning C4244: '=' : conversion from 'double' to 'float', possible loss of data
     1>DataprocessingDlg.cpp(244): warning C4244: '=' : conversion from 'double' to 'float', possible loss of data
     1>DataprocessingDlg.cpp(349): warning C4244: '=' : conversion from 'double' to 'float', possible loss of data
     1>DataprocessingDlg.cpp(355): warning C4244: '=' : conversion from 'double' to 'float', possible loss of data
     1>DataprocessingDlg.cpp(332): warning C4101: 't' : unreferenced local variable
     1>DataprocessingDlg.cpp(383): warning C4244: '=' : conversion from 'double' to 'float', possible loss of data
     1>DataprocessingDlg.cpp(388): warning C4244: '=' : conversion from 'double' to 'float', possible loss of data
     1>DataprocessingDlg.cpp(420): warning C4244: '=' : conversion from 'double' to 'float', possible loss of data
     1>DataprocessingDlg.cpp(426): warning C4244: '=' : conversion from 'double' to 'float', possible loss of data
     1>DataprocessingDlg.cpp(505): warning C4244: '=' : conversion from 'double' to 'int', possible loss of data
       ResourceCompile:
         C:\Program Files (x86)\Microsoft SDKs\Windows\v7.0A\bin\rc.exe /D NDEBUG /l"0x0409" /IRelease\ /nologo /fo"Release\Dataprocessing.res" Dataprocessing.rc 
       Link:
         d:\Program Files (x86)\Microsoft Visual Studio 10.0\VC\bin\link.exe /ERRORREPORT:PROMPT /OUT:"D:\Projects\code\test\Dataprocessing\Release\Dataprocessing.exe" /INCREMENTAL:NO /NOLOGO opencv_calib3d2410.lib opencv_calib3d2410d.lib opencv_contrib2410.lib opencv_contrib2410d.lib opencv_core2410.lib opencv_core2410d.lib opencv_features2d2410.lib opencv_features2d2410d.lib opencv_flann2410.lib opencv_flann2410d.lib opencv_gpu2410.lib opencv_gpu2410d.lib opencv_highgui2410.lib opencv_highgui2410d.lib opencv_imgproc2410.lib opencv_imgproc2410d.lib opencv_legacy2410.lib opencv_legacy2410d.lib opencv_ml2410.lib opencv_ml2410d.lib opencv_nonfree2410.lib opencv_nonfree2410d.lib opencv_objdetect2410.lib opencv_objdetect2410d.lib opencv_ocl2410.lib opencv_ocl2410d.lib opencv_photo2410.lib opencv_photo2410d.lib opencv_stitching2410.lib opencv_stitching2410d.lib opencv_superres2410.lib opencv_superres2410d.lib opencv_ts2410.lib opencv_ts2410d.lib opencv_video2410.lib opencv_video2410d.lib opencv_videostab2410.lib opencv_videostab2410d.lib /MANIFEST /ManifestFile:"Release\Dataprocessing.exe.intermediate.manifest" /MANIFESTUAC:"level='asInvoker' uiAccess='false'" /DEBUG /PDB:"D:\Projects\code\test\Dataprocessing\Release\Dataprocessing.pdb" /SUBSYSTEM:WINDOWS /OPT:REF /OPT:ICF /LTCG /TLBID:1 /DYNAMICBASE /NXCOMPAT /IMPLIB:"D:\Projects\code\test\Dataprocessing\Release\Dataprocessing.lib" /MACHINE:X86 Release\Dataprocessing.res
         Release\Dataprocessing.obj
         Release\DataprocessingDlg.obj
         Release\stdafx.obj
         Generating code
         Finished generating code
         Dataprocessing.vcxproj -> D:\Projects\code\test\Dataprocessing\Release\Dataprocessing.exe
       Manifest:
         C:\Program Files (x86)\Microsoft SDKs\Windows\v7.0A\bin\mt.exe /nologo /verbose /outputresource:"D:\Projects\code\test\Dataprocessing\Release\Dataprocessing.exe;#1" /manifest Release\Dataprocessing.exe.intermediate.manifest "d:\Program Files (x86)\Microsoft Visual Studio 10.0\VC\Include\Manifest\dpiaware.manifest"
       FinalizeBuildStatus:
         Deleting file "Release\Dataprocessing.unsuccessfulbuild".
         Touching "Release\Dataprocessing.lastbuildstate".
     1>Done Building Project "D:\Projects\code\test\Dataprocessing\Dataprocessing\Dataprocessing.vcxproj" (build target(s)).

Build succeeded.

Time Elapsed 00:00:12.10
